<?xml version="1.0" encoding="UTF-8"?>
<!-- Generated by org.testng.reporters.JUnitReportReporter -->
<testsuite skipped="0" hostname="DESKTOP-8M07H6F" name="restAPI.API" tests="1" failures="0" timestamp="12 May 2019 10:53:07 GMT" time="2.201" errors="0">
  <testcase name="getCountries" time="2.201" classname="restAPI.API"/>
</testsuite> <!-- restAPI.API -->
