<?xml version="1.0" encoding="UTF-8"?>
<!-- Generated by org.testng.reporters.JUnitReportReporter -->
<testsuite skipped="0" hostname="DESKTOP-8M07H6F" name="com.aswaq.testing.CucumberJvmTest" tests="1" failures="0" timestamp="20 May 2019 10:58:01 GMT" time="1311.649" errors="0">
  <testcase name="feature" time="1311.649" classname="com.aswaq.testing.CucumberJvmTest"/>
</testsuite> <!-- com.aswaq.testing.CucumberJvmTest -->
